<?xml version="1.0" encoding="UTF-8"?>
<!-- Generated by org.testng.reporters.JUnitReportReporter -->
<testsuite skipped="0" hostname="chetan" name="com.actitime.tests.VerifiVersionTest" tests="1" failures="0" timestamp="03 Dec 2018 05:14:00 GMT" time="16.010" errors="0">
  <testcase name="verifyVersionTest" time="16.010" classname="com.actitime.tests.VerifiVersionTest"/>
</testsuite> <!-- com.actitime.tests.VerifiVersionTest -->
