<?xml version="1.0" encoding="UTF-8"?>
<!-- Generated by org.testng.reporters.JUnitReportReporter -->
<testsuite skipped="0" hostname="chetan" name="com.actitime.tests.ValidLoginLogoutTest" tests="1" failures="0" timestamp="03 Dec 2018 05:14:00 GMT" time="31.932" errors="0">
  <testcase name="testValidLoginLogout" time="31.932" classname="com.actitime.tests.ValidLoginLogoutTest"/>
</testsuite> <!-- com.actitime.tests.ValidLoginLogoutTest -->
